[0.044s] Invoking command in '/home/user/difrobot_ws/build/difrobot_msgs': CMAKE_PREFIX_PATH=/opt/ros/humble /usr/bin/cmake --build /home/user/difrobot_ws/build/difrobot_msgs -- -j12 -l12
[0.099s] -- Found ament_cmake: 1.3.10 (/opt/ros/humble/share/ament_cmake/cmake)
[0.558s] -- Found std_msgs: 4.2.4 (/opt/ros/humble/share/std_msgs/cmake)
[0.641s] -- Found rosidl_generator_c: 3.1.5 (/opt/ros/humble/share/rosidl_generator_c/cmake)
[0.652s] -- Found rosidl_adapter: 3.1.5 (/opt/ros/humble/share/rosidl_adapter/cmake)
[0.673s] -- Found rosidl_generator_cpp: 3.1.5 (/opt/ros/humble/share/rosidl_generator_cpp/cmake)
[0.716s] -- Using all available rosidl_typesupport_c: rosidl_typesupport_fastrtps_c;rosidl_typesupport_introspection_c
[0.771s] -- Using all available rosidl_typesupport_cpp: rosidl_typesupport_fastrtps_cpp;rosidl_typesupport_introspection_cpp
[0.862s] -- Found geometry_msgs: 4.2.4 (/opt/ros/humble/share/geometry_msgs/cmake)
[0.915s] -- Found rosidl_default_generators: 1.2.0 (/opt/ros/humble/share/rosidl_default_generators/cmake)
[1.242s] [31mCMake Error at /opt/ros/humble/share/rosidl_adapter/cmake/rosidl_adapt_interfaces.cmake:59 (message):
[1.242s]   execute_process(/usr/bin/python3 -m rosidl_adapter --package-name
[1.242s]   difrobot_msgs --arguments-file
[1.242s]   /home/user/difrobot_ws/build/difrobot_msgs/rosidl_adapter__arguments__difrobot_msgs.json
[1.243s]   --output-dir
[1.243s]   /home/user/difrobot_ws/build/difrobot_msgs/rosidl_adapter/difrobot_msgs
[1.243s]   --output-file
[1.243s]   /home/user/difrobot_ws/build/difrobot_msgs/rosidl_adapter/difrobot_msgs.idls)
[1.244s]   returned error code 1:
[1.244s] 
[1.244s]   Traceback (most recent call last):
[1.244s] 
[1.244s]     File "/usr/lib/python3.10/runpy.py", line 196, in _run_module_as_main
[1.244s]       return _run_code(code, main_globals, None,
[1.245s]     File "/usr/lib/python3.10/runpy.py", line 86, in _run_code
[1.245s]       exec(code, run_globals)
[1.245s]     File "/opt/ros/humble/local/lib/python3.10/dist-packages/rosidl_adapter/__main__.py", line 19, in <module>
[1.245s]       sys.exit(main())
[1.245s]     File "/opt/ros/humble/local/lib/python3.10/dist-packages/rosidl_adapter/main.py", line 53, in main
[1.245s]       abs_idl_file = convert_to_idl(
[1.246s]     File "/opt/ros/humble/local/lib/python3.10/dist-packages/rosidl_adapter/__init__.py", line 24, in convert_to_idl
[1.246s]       return convert_srv_to_idl(
[1.246s]     File "/opt/ros/humble/local/lib/python3.10/dist-packages/rosidl_adapter/srv/__init__.py", line 28, in convert_srv_to_idl
[1.246s]       srv = parse_service_string(package_name, input_file.stem, content)
[1.246s]     File "/opt/ros/humble/local/lib/python3.10/dist-packages/rosidl_adapter/parser.py", line 850, in parse_service_string
[1.246s]       raise InvalidServiceSpecification(
[1.247s] 
[1.247s]   rosidl_adapter.parser.InvalidServiceSpecification: Could not find separator
[1.247s]   '---' between request and response
[1.247s] 
[1.247s] Call Stack (most recent call first):
[1.247s]   /opt/ros/humble/share/rosidl_cmake/cmake/rosidl_generate_interfaces.cmake:130 (rosidl_adapt_interfaces)
[1.248s]   CMakeLists.txt:17 (rosidl_generate_interfaces)
[1.248s] 
[1.248s] [0m
[1.248s] -- Configuring incomplete, errors occurred!
[1.248s] See also "/home/user/difrobot_ws/build/difrobot_msgs/CMakeFiles/CMakeOutput.log".
[1.252s] gmake: *** [Makefile:747: cmake_check_build_system] Error 1
[1.257s] Invoked command in '/home/user/difrobot_ws/build/difrobot_msgs' returned '2': CMAKE_PREFIX_PATH=/opt/ros/humble /usr/bin/cmake --build /home/user/difrobot_ws/build/difrobot_msgs -- -j12 -l12
